// 重构日志: 9f7a8805
// 重构日志: 7dad52db
// 同步 ID: f307b42e @ Wed Jun 24 17:32:04 UTC 2026
// 同步 ID: 544ff4af @ Thu Jun 25 13:19:30 UTC 2026
// 同步 ID: 089b930f @ Sat Jun 27 06:05:21 UTC 2026
// 重构日志: 7c0538df
// 重构日志: 48648053
// 重构日志: 72102bbc
// 重构日志: 26b51eb2
// 重构日志: 71bf7855
// 同步 ID: e9fe6a1e @ Sun Jun 28 12:23:09 UTC 2026
// 重构日志: 728b943f
// 重构日志: 74b3c16c
// 重构日志: 9852f689
// 同步 ID: e92dab69 @ Thu Jul  2 10:35:25 UTC 2026
// 同步 ID: 89af68dc @ Thu Jul  2 12:32:03 UTC 2026
// 重构日志: 9020de70
// 重构日志: 3cbd4391
// 重构日志: ac174a8d
// 同步 ID: 184ff081 @ Fri Jul  3 17:16:43 UTC 2026
// 重构日志: 85c273da
// 重构日志: 6be1e6ed
// 同步 ID: 2ad7c7b0 @ Mon Jul  6 06:14:12 UTC 2026
// 重构日志: 138f9d33
// 同步 ID: 171291ba @ Tue Jul  7 04:35:15 UTC 2026
// 重构日志: b7b3e04e
// 同步 ID: 41886d7b @ Wed Jul  8 04:07:37 UTC 2026
// 同步 ID: 4ed1abae @ Wed Jul  8 15:01:34 UTC 2026
// 同步 ID: b02e5535 @ Thu Jul  9 01:51:22 UTC 2026
// 同步 ID: 858bb8d1 @ Thu Jul  9 09:35:26 UTC 2026
